Arguments: 
  /usr/bin/node /usr/local/bin/yarn install

PATH: 
  /usr/local/sbin:/usr/local/bin:/usr/sbin:/usr/bin:/sbin:/bin:/snap/bin

Yarn version: 
  1.16.0

Node version: 
  12.10.0

Platform: 
  linux x64

Trace: 
  Error: https://registry.yarnpkg.com/React.Component-emitter/-/React.Component-emitter-1.3.0.tgz: Request failed "404 Not Found"
      at ResponseError.ExtendableBuiltin (/usr/local/lib/node_modules/yarn/lib/cli.js:696:66)
      at new ResponseError (/usr/local/lib/node_modules/yarn/lib/cli.js:802:124)
      at Request.<anonymous> (/usr/local/lib/node_modules/yarn/lib/cli.js:66161:16)
      at Request.emit (events.js:209:13)
      at Request.module.exports.Request.onRequestResponse (/usr/local/lib/node_modules/yarn/lib/cli.js:130467:10)
      at ClientRequest.emit (events.js:209:13)
      at HTTPParser.parserOnIncomingClient [as onIncoming] (_http_client.js:583:27)
      at HTTPParser.parserOnHeadersComplete (_http_common.js:115:17)
      at TLSSocket.socketOnData (_http_client.js:456:22)
      at TLSSocket.emit (events.js:209:13)

npm manifest: 
  {
    "main": "node_modules/expo/AppEntry.js",
    "scripts": {
      "start": "expo start",
      "android": "expo start --android",
      "ios": "expo start --ios",
      "web": "expo start --web",
      "eject": "expo eject"
    },
    "dependencies": {
      "expo": "^34.0.1",
      "react": "16.8.3",
      "react-dom": "^16.8.6",
      "react-native": "https://github.com/expo/react-native/archive/sdk-34.0.0.tar.gz",
      "react-native-gesture-handler": "1.3.0",
      "react-native-material-bottom-navigation": "^1.0.4",
      "react-native-paper": "^2.16.0",
      "react-native-web": "^0.11.4",
      "react-navigation": "^4.0.0",
      "react-navigation-material-bottom-tabs": "^0.1.2",
      "styled-React.Components": "^4.3.2"
    },
    "devDependencies": {
      "babel-preset-expo": "^6.0.0"
    },
    "private": true
  }

yarn manifest: 
  No manifest

Lockfile: 
  No lockfile
